<?xml version="1.0" encoding="UTF-8"?>
<!-- Generated by org.testng.reporters.JUnitReportReporter -->
<testsuite hostname="DESKTOP-QNM3155" name="test_classes.TotalCostTests" tests="2" failures="0" timestamp="26 May 2016 06:14:04 GMT" time="0.010" errors="0">
  <testcase name="necessityTaxCalculationTest" time="0.003" classname="test_classes.TotalCostTests"/>
  <testcase name="luxuryTaxCalculationTest" time="0.007" classname="test_classes.TotalCostTests"/>
</testsuite> <!-- test_classes.TotalCostTests -->
