<?xml version="1.0" encoding="UTF-8"?>
<!-- Generated by org.testng.reporters.JUnitReportReporter -->
<testsuite hostname="DESKTOP-QNM3155" name="test_classes.GettingInputTests" tests="4" failures="0" timestamp="26 May 2016 06:14:04 GMT" time="0.024" errors="0">
  <testcase name="testOutOfRangeValue" time="0.001" classname="test_classes.GettingInputTests"/>
  <testcase name="testNegativeDataRejection" time="0.001" classname="test_classes.GettingInputTests"/>
  <testcase name="testBaddataRejection" time="0.021" classname="test_classes.GettingInputTests"/>
  <testcase name="testIntegerData" time="0.001" classname="test_classes.GettingInputTests"/>
</testsuite> <!-- test_classes.GettingInputTests -->
